2020-04-27 15:08:39.617  INFO 10540 --- [main] ptablePropertiesBeanFactoryPostProcessor : Post-processing PropertySource instances
2020-04-27 15:08:39.671  INFO 10540 --- [main] c.u.j.EncryptablePropertySourceConverter : Converting PropertySource configurationProperties [org.springframework.boot.context.properties.source.ConfigurationPropertySourcesPropertySource] to AOP Proxy
2020-04-27 15:08:39.672  INFO 10540 --- [main] c.u.j.EncryptablePropertySourceConverter : Converting PropertySource bootstrap [org.springframework.core.env.MapPropertySource] to EncryptableMapPropertySourceWrapper
2020-04-27 15:08:39.672  INFO 10540 --- [main] c.u.j.EncryptablePropertySourceConverter : Converting PropertySource systemProperties [org.springframework.core.env.PropertiesPropertySource] to EncryptableMapPropertySourceWrapper
2020-04-27 15:08:39.672  INFO 10540 --- [main] c.u.j.EncryptablePropertySourceConverter : Converting PropertySource systemEnvironment [org.springframework.boot.env.SystemEnvironmentPropertySourceEnvironmentPostProcessor$OriginAwareSystemEnvironmentPropertySource] to EncryptableMapPropertySourceWrapper
2020-04-27 15:08:39.673  INFO 10540 --- [main] c.u.j.EncryptablePropertySourceConverter : Converting PropertySource random [org.springframework.boot.env.RandomValuePropertySource] to EncryptablePropertySourceWrapper
2020-04-27 15:08:39.673  INFO 10540 --- [main] c.u.j.EncryptablePropertySourceConverter : Converting PropertySource springCloudClientHostInfo [org.springframework.core.env.MapPropertySource] to EncryptableMapPropertySourceWrapper
2020-04-27 15:08:39.673  INFO 10540 --- [main] c.u.j.EncryptablePropertySourceConverter : Converting PropertySource applicationConfig: [classpath:/bootstrap.yml] [org.springframework.boot.env.OriginTrackedMapPropertySource] to EncryptableMapPropertySourceWrapper
2020-04-27 15:08:39.690  INFO 10540 --- [main] trationDelegate$BeanPostProcessorChecker : Bean 'org.springframework.cloud.autoconfigure.ConfigurationPropertiesRebinderAutoConfiguration' of type [org.springframework.cloud.autoconfigure.ConfigurationPropertiesRebinderAutoConfiguration] is not eligible for getting processed by all BeanPostProcessors (for example: not eligible for auto-proxying)
2020-04-27 15:08:39.714  INFO 10540 --- [main] c.u.j.filter.DefaultLazyPropertyFilter   : Property Filter custom Bean not found with name 'encryptablePropertyFilter'. Initializing Default Property Filter
2020-04-27 15:08:39.717  INFO 10540 --- [main] c.u.j.r.DefaultLazyPropertyResolver      : Property Resolver custom Bean not found with name 'encryptablePropertyResolver'. Initializing Default Property Resolver
2020-04-27 15:08:39.719  INFO 10540 --- [main] c.u.j.d.DefaultLazyPropertyDetector      : Property Detector custom Bean not found with name 'encryptablePropertyDetector'. Initializing Default Property Detector
2020-04-27 15:08:40.322  INFO 10540 --- [main] EnableEncryptablePropertiesConfiguration : Bootstraping jasypt-string-boot auto configuration in context: ice-auth-1
2020-04-27 15:08:40.323  INFO 10540 --- [main] com.zhb.ice.auth.AuthApplication         : The following profiles are active: dev
2020-04-27 15:08:41.035  WARN 10540 --- [main] o.s.boot.actuate.endpoint.EndpointId     : Endpoint ID 'nacos-config' contains invalid characters, please migrate to a valid format.
2020-04-27 15:08:41.037  WARN 10540 --- [main] o.s.boot.actuate.endpoint.EndpointId     : Endpoint ID 'nacos-discovery' contains invalid characters, please migrate to a valid format.
2020-04-27 15:08:41.259  INFO 10540 --- [main] .s.d.r.c.RepositoryConfigurationDelegate : Multiple Spring Data modules found, entering strict repository configuration mode!
2020-04-27 15:08:41.261  INFO 10540 --- [main] .s.d.r.c.RepositoryConfigurationDelegate : Bootstrapping Spring Data Redis repositories in DEFAULT mode.
2020-04-27 15:08:41.284  INFO 10540 --- [main] .s.d.r.c.RepositoryConfigurationDelegate : Finished Spring Data repository scanning in 10ms. Found 0 Redis repository interfaces.
2020-04-27 15:08:41.358  WARN 10540 --- [main] o.s.boot.actuate.endpoint.EndpointId     : Endpoint ID 'service-registry' contains invalid characters, please migrate to a valid format.
2020-04-27 15:08:41.372  WARN 10540 --- [main] o.s.boot.actuate.endpoint.EndpointId     : Endpoint ID 'hystrix.stream' contains invalid characters, please migrate to a valid format.
2020-04-27 15:08:41.455  WARN 10540 --- [main] o.m.s.mapper.ClassPathMapperScanner      : No MyBatis mapper was found in '[com.zhb.ice.auth]' package. Please check your configuration.
2020-04-27 15:08:41.481  INFO 10540 --- [main] o.s.cloud.context.scope.GenericScope     : BeanFactory id=ffb61323-6ab8-39e7-aa6f-2bc6ad5c6f52
2020-04-27 15:08:41.554  INFO 10540 --- [main] ptablePropertiesBeanFactoryPostProcessor : Post-processing PropertySource instances
2020-04-27 15:08:41.566  INFO 10540 --- [main] c.u.j.EncryptablePropertySourceConverter : Converting PropertySource bootstrapProperties [org.springframework.cloud.bootstrap.support.OriginTrackedCompositePropertySource] to EncryptableEnumerablePropertySourceWrapper
2020-04-27 15:08:41.566  INFO 10540 --- [main] c.u.j.EncryptablePropertySourceConverter : Converting PropertySource configurationProperties [org.springframework.boot.context.properties.source.ConfigurationPropertySourcesPropertySource] to AOP Proxy
2020-04-27 15:08:41.566  INFO 10540 --- [main] c.u.j.EncryptablePropertySourceConverter : Converting PropertySource servletConfigInitParams [org.springframework.core.env.PropertySource$StubPropertySource] to EncryptablePropertySourceWrapper
2020-04-27 15:08:41.566  INFO 10540 --- [main] c.u.j.EncryptablePropertySourceConverter : Converting PropertySource servletContextInitParams [org.springframework.core.env.PropertySource$StubPropertySource] to EncryptablePropertySourceWrapper
2020-04-27 15:08:41.566  INFO 10540 --- [main] c.u.j.EncryptablePropertySourceConverter : Converting PropertySource systemProperties [org.springframework.core.env.PropertiesPropertySource] to EncryptableMapPropertySourceWrapper
2020-04-27 15:08:41.566  INFO 10540 --- [main] c.u.j.EncryptablePropertySourceConverter : Converting PropertySource systemEnvironment [org.springframework.boot.env.SystemEnvironmentPropertySourceEnvironmentPostProcessor$OriginAwareSystemEnvironmentPropertySource] to EncryptableMapPropertySourceWrapper
2020-04-27 15:08:41.566  INFO 10540 --- [main] c.u.j.EncryptablePropertySourceConverter : Converting PropertySource random [org.springframework.boot.env.RandomValuePropertySource] to EncryptablePropertySourceWrapper
2020-04-27 15:08:41.567  INFO 10540 --- [main] c.u.j.EncryptablePropertySourceConverter : Converting PropertySource springCloudClientHostInfo [org.springframework.core.env.MapPropertySource] to EncryptableMapPropertySourceWrapper
2020-04-27 15:08:41.567  INFO 10540 --- [main] c.u.j.EncryptablePropertySourceConverter : Converting PropertySource applicationConfig: [classpath:/application.properties] [org.springframework.boot.env.OriginTrackedMapPropertySource] to EncryptableMapPropertySourceWrapper
2020-04-27 15:08:41.567  INFO 10540 --- [main] c.u.j.EncryptablePropertySourceConverter : Converting PropertySource springCloudDefaultProperties [org.springframework.core.env.MapPropertySource] to EncryptableMapPropertySourceWrapper
2020-04-27 15:08:41.581  INFO 10540 --- [main] c.u.j.filter.DefaultLazyPropertyFilter   : Property Filter custom Bean not found with name 'encryptablePropertyFilter'. Initializing Default Property Filter
2020-04-27 15:08:41.884  INFO 10540 --- [main] trationDelegate$BeanPostProcessorChecker : Bean 'org.springframework.cloud.autoconfigure.ConfigurationPropertiesRebinderAutoConfiguration' of type [org.springframework.cloud.autoconfigure.ConfigurationPropertiesRebinderAutoConfiguration] is not eligible for getting processed by all BeanPostProcessors (for example: not eligible for auto-proxying)
2020-04-27 15:08:42.083  WARN 10540 --- [main] io.undertow.websockets.jsr               : UT026010: Buffer pool was not set on WebSocketDeploymentInfo, the default pool will be used
2020-04-27 15:08:42.113  INFO 10540 --- [main] io.undertow.servlet                      : Initializing Spring embedded WebApplicationContext
2020-04-27 15:08:42.114  INFO 10540 --- [main] o.s.web.context.ContextLoader            : Root WebApplicationContext: initialization completed in 1773 ms
2020-04-27 15:08:42.245  WARN 10540 --- [main] c.n.c.sources.URLConfigurationSource     : No URLs will be polled as dynamic configuration sources.
2020-04-27 15:08:42.246  INFO 10540 --- [main] c.n.c.sources.URLConfigurationSource     : To enable URLs as dynamic configuration sources, define System property archaius.configurationSource.additionalUrls or make config.properties available on classpath.
2020-04-27 15:08:42.270  INFO 10540 --- [main] c.netflix.config.DynamicPropertyFactory  : DynamicPropertyFactory is initialized with configuration sources: com.netflix.config.ConcurrentCompositeConfiguration@306c7bf6
2020-04-27 15:08:42.340  INFO 10540 --- [main] c.u.j.r.DefaultLazyPropertyResolver      : Property Resolver custom Bean not found with name 'encryptablePropertyResolver'. Initializing Default Property Resolver
2020-04-27 15:08:42.341  INFO 10540 --- [main] c.u.j.d.DefaultLazyPropertyDetector      : Property Detector custom Bean not found with name 'encryptablePropertyDetector'. Initializing Default Property Detector
2020-04-27 15:08:42.929  INFO 10540 --- [main] com.alibaba.nacos.client.naming          : initializer namespace from System Property :null
2020-04-27 15:08:42.929  INFO 10540 --- [main] com.alibaba.nacos.client.naming          : initializer namespace from System Environment :null
2020-04-27 15:08:42.930  INFO 10540 --- [main] com.alibaba.nacos.client.naming          : initializer namespace from System Property :null
2020-04-27 15:08:44.017  INFO 10540 --- [main] o.s.b.a.e.web.ServletEndpointRegistrar   : Registered '/actuator/jolokia' to jolokia-actuator-endpoint
2020-04-27 15:08:44.018  INFO 10540 --- [main] o.s.b.a.e.web.ServletEndpointRegistrar   : Registered '/actuator/hystrix.stream' to hystrix.stream-actuator-endpoint
2020-04-27 15:08:44.539  WARN 10540 --- [main] c.n.c.sources.URLConfigurationSource     : No URLs will be polled as dynamic configuration sources.
2020-04-27 15:08:44.539  INFO 10540 --- [main] c.n.c.sources.URLConfigurationSource     : To enable URLs as dynamic configuration sources, define System property archaius.configurationSource.additionalUrls or make config.properties available on classpath.
2020-04-27 15:08:44.779  INFO 10540 --- [main] o.s.s.concurrent.ThreadPoolTaskExecutor  : Initializing ExecutorService 'applicationTaskExecutor'
2020-04-27 15:08:44.891  INFO 10540 --- [main] o.s.s.c.ThreadPoolTaskScheduler          : Initializing ExecutorService 'Nacso-Watch-Task-Scheduler'
2020-04-27 15:08:45.910  INFO 10540 --- [main] o.s.s.web.DefaultSecurityFilterChain     : Creating filter chain: OrRequestMatcher [requestMatchers=[Ant [pattern='/oauth/token'], Ant [pattern='/oauth/token_key'], Ant [pattern='/oauth/check_token']]], [org.springframework.security.web.context.request.async.WebAsyncManagerIntegrationFilter@32e7df65, org.springframework.security.web.context.SecurityContextPersistenceFilter@5eff5e4c, org.springframework.security.web.header.HeaderWriterFilter@25fcdcc6, org.springframework.security.web.authentication.logout.LogoutFilter@61d24347, com.zhb.ice.auth.filter.IceOauthFilter@1791e231, org.springframework.security.web.authentication.www.BasicAuthenticationFilter@4ef277ef, org.springframework.security.web.savedrequest.RequestCacheAwareFilter@69926b6e, org.springframework.security.web.servletapi.SecurityContextHolderAwareRequestFilter@69fe8c75, org.springframework.security.web.authentication.AnonymousAuthenticationFilter@421d7900, org.springframework.security.web.session.SessionManagementFilter@72406594, org.springframework.security.web.access.ExceptionTranslationFilter@3fc051ce, org.springframework.security.web.access.intercept.FilterSecurityInterceptor@b75f3f4]
2020-04-27 15:08:45.913  INFO 10540 --- [main] o.s.s.web.DefaultSecurityFilterChain     : Creating filter chain: any request, [org.springframework.security.web.context.request.async.WebAsyncManagerIntegrationFilter@44df834c, org.springframework.security.web.context.SecurityContextPersistenceFilter@6a261998, org.springframework.security.web.header.HeaderWriterFilter@4c6eaa65, org.springframework.security.web.authentication.logout.LogoutFilter@4f0cdd0f, org.springframework.security.web.savedrequest.RequestCacheAwareFilter@70f3bf00, org.springframework.security.web.servletapi.SecurityContextHolderAwareRequestFilter@49770ef9, org.springframework.security.web.authentication.AnonymousAuthenticationFilter@34c07ecc, org.springframework.security.web.session.SessionManagementFilter@53f1fcc2, org.springframework.security.web.access.ExceptionTranslationFilter@4feaa4b8, org.springframework.security.web.access.intercept.FilterSecurityInterceptor@77622c82]
2020-04-27 15:08:46.666  INFO 10540 --- [main] o.s.b.a.e.web.EndpointLinksResolver      : Exposing 22 endpoint(s) beneath base path '/actuator'
2020-04-27 15:08:46.727  INFO 10540 --- [main] io.undertow                              : starting server: Undertow - 2.0.30.Final
2020-04-27 15:08:46.733  INFO 10540 --- [main] org.xnio                                 : XNIO version 3.3.8.Final
2020-04-27 15:08:46.743  INFO 10540 --- [main] org.xnio.nio                             : XNIO NIO Implementation Version 3.3.8.Final
2020-04-27 15:08:46.860  INFO 10540 --- [main] o.s.b.w.e.u.UndertowServletWebServer     : Undertow started on port(s) 8081 (http) with context path ''
2020-04-27 15:08:46.863  INFO 10540 --- [main] com.alibaba.nacos.client.naming          : [BEAT] adding beat: {"cluster":"DEFAULT","ip":"192.168.226.1","metadata":{"preserved.register.source":"SPRING_CLOUD"},"period":5000,"port":8081,"scheduled":false,"serviceName":"DEFAULT_GROUP@@ice-auth","stopped":false,"weight":1.0} to beat map.
2020-04-27 15:08:47.077  INFO 10540 --- [main] com.alibaba.nacos.client.naming          : [REGISTER-SERVICE] public registering service DEFAULT_GROUP@@ice-auth with instance: {"clusterName":"DEFAULT","enabled":true,"ephemeral":true,"healthy":true,"instanceHeartBeatInterval":5000,"instanceHeartBeatTimeOut":15000,"ip":"192.168.226.1","ipDeleteTimeout":30000,"metadata":{"preserved.register.source":"SPRING_CLOUD"},"port":8081,"weight":1.0}
2020-04-27 15:08:47.086  INFO 10540 --- [main] c.a.c.n.registry.NacosServiceRegistry    : nacos registry, DEFAULT_GROUP ice-auth 192.168.226.1:8081 register finished
2020-04-27 15:08:47.392  INFO 10540 --- [main] com.zhb.ice.auth.AuthApplication         : Started AuthApplication in 9.464 seconds (JVM running for 10.561)
2020-04-27 15:08:47.396  INFO 10540 --- [main] c.a.n.client.config.impl.ClientWorker    : [fixed-localhost_8848] [subscribe] ice-auth.yml+DEFAULT_GROUP
2020-04-27 15:08:47.396  INFO 10540 --- [main] c.a.nacos.client.config.impl.CacheData   : [fixed-localhost_8848] [add-listener] ok, tenant=, dataId=ice-auth.yml, group=DEFAULT_GROUP, cnt=1
2020-04-27 15:08:47.396  INFO 10540 --- [main] c.a.n.client.config.impl.ClientWorker    : [fixed-localhost_8848] [subscribe] ice-auth+DEFAULT_GROUP
2020-04-27 15:08:47.396  INFO 10540 --- [main] c.a.nacos.client.config.impl.CacheData   : [fixed-localhost_8848] [add-listener] ok, tenant=, dataId=ice-auth, group=DEFAULT_GROUP, cnt=1
2020-04-27 15:08:47.397  INFO 10540 --- [main] c.a.n.client.config.impl.ClientWorker    : [fixed-localhost_8848] [subscribe] ice-auth-dev.yml+DEFAULT_GROUP
2020-04-27 15:08:47.397  INFO 10540 --- [main] c.a.nacos.client.config.impl.CacheData   : [fixed-localhost_8848] [add-listener] ok, tenant=, dataId=ice-auth-dev.yml, group=DEFAULT_GROUP, cnt=1
2020-04-27 15:09:00.356  INFO 10540 --- [XNIO-1 task-1] io.undertow.servlet                      : Initializing Spring DispatcherServlet 'dispatcherServlet'
2020-04-27 15:09:00.356  INFO 10540 --- [XNIO-1 task-1] o.s.web.servlet.DispatcherServlet        : Initializing Servlet 'dispatcherServlet'
2020-04-27 15:09:00.364  INFO 10540 --- [XNIO-1 task-1] o.s.web.servlet.DispatcherServlet        : Completed initialization in 8 ms
2020-04-27 15:09:00.428  INFO 10540 --- [XNIO-1 task-1] com.zaxxer.hikari.HikariDataSource       : HikariPool-1 - Starting...
2020-04-27 15:09:00.593  INFO 10540 --- [XNIO-1 task-1] com.zaxxer.hikari.HikariDataSource       : HikariPool-1 - Start completed.
2020-04-27 15:09:00.846  INFO 10540 --- [boundedElastic-1] io.lettuce.core.EpollProvider            : Starting without optional epoll library
2020-04-27 15:09:00.847  INFO 10540 --- [boundedElastic-1] io.lettuce.core.KqueueProvider           : Starting without optional kqueue library
2020-04-27 16:22:38.609  INFO 10540 --- [XNIO-1 task-32] c.netflix.config.ChainedDynamicProperty  : Flipping property: ice-system-service.ribbon.ActiveConnectionsLimit to use NEXT property: niws.loadbalancer.availabilityFilteringRule.activeConnectionsLimit = 2147483647
2020-04-27 16:22:38.625  INFO 10540 --- [XNIO-1 task-32] c.netflix.loadbalancer.BaseLoadBalancer  : Client: ice-system-service instantiated a LoadBalancer: DynamicServerListLoadBalancer:{NFLoadBalancer:name=ice-system-service,current list of Servers=[],Load balancer stats=Zone stats: {},Server stats: []}ServerList:null
2020-04-27 16:22:38.631  INFO 10540 --- [XNIO-1 task-32] c.n.l.DynamicServerListLoadBalancer      : Using serverListUpdater PollingServerListUpdater
2020-04-27 16:22:38.647  INFO 10540 --- [XNIO-1 task-32] com.alibaba.nacos.client.naming          : new ips(1) service: DEFAULT_GROUP@@ice-system-service -> [{"clusterName":"DEFAULT","enabled":true,"ephemeral":true,"healthy":true,"instanceHeartBeatInterval":5000,"instanceHeartBeatTimeOut":15000,"instanceId":"192.168.226.1#8082#DEFAULT#DEFAULT_GROUP@@ice-system-service","ip":"192.168.226.1","ipDeleteTimeout":30000,"metadata":{"preserved.register.source":"SPRING_CLOUD"},"port":8082,"serviceName":"DEFAULT_GROUP@@ice-system-service","weight":1.0}]
2020-04-27 16:22:38.654  INFO 10540 --- [XNIO-1 task-32] com.alibaba.nacos.client.naming          : current ips:(1) service: DEFAULT_GROUP@@ice-system-service -> [{"clusterName":"DEFAULT","enabled":true,"ephemeral":true,"healthy":true,"instanceHeartBeatInterval":5000,"instanceHeartBeatTimeOut":15000,"instanceId":"192.168.226.1#8082#DEFAULT#DEFAULT_GROUP@@ice-system-service","ip":"192.168.226.1","ipDeleteTimeout":30000,"metadata":{"preserved.register.source":"SPRING_CLOUD"},"port":8082,"serviceName":"DEFAULT_GROUP@@ice-system-service","weight":1.0}]
2020-04-27 16:22:38.663  INFO 10540 --- [XNIO-1 task-32] c.netflix.config.ChainedDynamicProperty  : Flipping property: ice-system-service.ribbon.ActiveConnectionsLimit to use NEXT property: niws.loadbalancer.availabilityFilteringRule.activeConnectionsLimit = 2147483647
2020-04-27 16:22:38.664  INFO 10540 --- [XNIO-1 task-32] c.n.l.DynamicServerListLoadBalancer      : DynamicServerListLoadBalancer for client ice-system-service initialized: DynamicServerListLoadBalancer:{NFLoadBalancer:name=ice-system-service,current list of Servers=[192.168.226.1:8082],Load balancer stats=Zone stats: {unknown=[Zone:unknown;	Instance count:1;	Active connections count: 0;	Circuit breaker tripped count: 0;	Active connections per server: 0.0;]
},Server stats: [[Server:192.168.226.1:8082;	Zone:UNKNOWN;	Total Requests:0;	Successive connection failure:0;	Total blackout seconds:0;	Last connection made:Thu Jan 01 08:00:00 CST 1970;	First connection made: Thu Jan 01 08:00:00 CST 1970;	Active Connections:0;	total failure count in last (1000) msecs:0;	average resp time:0.0;	90 percentile resp time:0.0;	95 percentile resp time:0.0;	min resp time:0.0;	max resp time:0.0;	stddev resp time:0.0]
]}ServerList:com.alibaba.cloud.nacos.ribbon.NacosServerList@45064d95
2020-04-27 16:22:39.635  INFO 10540 --- [PollingServerListUpdater-0] c.netflix.config.ChainedDynamicProperty  : Flipping property: ice-system-service.ribbon.ActiveConnectionsLimit to use NEXT property: niws.loadbalancer.availabilityFilteringRule.activeConnectionsLimit = 2147483647
